<?xml version="1.0" encoding="UTF-8"?>
<testsuite xmlns:xsi="http://www.w3.org/2001/XMLSchema-instance" xsi:noNamespaceSchemaLocation="https://maven.apache.org/surefire/maven-surefire-plugin/xsd/surefire-test-report.xsd" name="com.ateam.ServerTest" time="0.003" tests="10" errors="0" skipped="0" failures="0">
  <properties>
[...]
</properties>
  <testcase name="testBroadcastCleansBufferOfClient" classname="com.ateam.ServerTest" time="0"/>
  <testcase name="testRun" classname="com.ateam.ServerTest" time="0"/>
  <testcase name="testBroadcast" classname="com.ateam.ServerTest" time="0"/>
  <testcase name="testJoinRoom" classname="com.ateam.ServerTest" time="0"/>
  <testcase name="testRemoveClient" classname="com.ateam.ServerTest" time="0"/>
  <testcase name="testFilterBadword" classname="com.ateam.ServerTest" time="0.001"/>
  <testcase name="testDisconnectOfflineClients" classname="com.ateam.ServerTest" time="0"/>
  <testcase name="testGetClients" classname="com.ateam.ServerTest" time="0"/>
  <testcase name="testAddNewClientHandler" classname="com.ateam.ServerTest" time="0"/>
  <testcase name="testListRoom" classname="com.ateam.ServerTest" time="0"/>
</testsuite>